\BOOKMARK [0][-]{chapter.1}{Module Index}{}
\BOOKMARK [1][-]{section.1.1}{Modules}{chapter.1}
\BOOKMARK [0][-]{chapter.2}{Data Structure Index}{}
\BOOKMARK [1][-]{section.2.1}{Data Structures}{chapter.2}
\BOOKMARK [0][-]{chapter.3}{File Index}{}
\BOOKMARK [1][-]{section.3.1}{File List}{chapter.3}
\BOOKMARK [0][-]{chapter.4}{Module Documentation}{}
\BOOKMARK [1][-]{section.4.1}{File System}{chapter.4}
\BOOKMARK [2][-]{subsection.4.1.1}{Detailed Description}{section.4.1}
\BOOKMARK [2][-]{subsection.4.1.2}{Macro Definition Documentation}{section.4.1}
\BOOKMARK [3][-]{subsubsection.4.1.2.1}{FS\137BLOCK\137SIZE}{subsection.4.1.2}
\BOOKMARK [3][-]{subsubsection.4.1.2.2}{FS\137BLOCKS}{subsection.4.1.2}
\BOOKMARK [3][-]{subsubsection.4.1.2.3}{FS\137SIZE}{subsection.4.1.2}
\BOOKMARK [3][-]{subsubsection.4.1.2.4}{FS\137START}{subsection.4.1.2}
\BOOKMARK [2][-]{subsection.4.1.3}{Enumeration Type Documentation}{section.4.1}
\BOOKMARK [3][-]{subsubsection.4.1.3.1}{ef\137struct}{subsection.4.1.3}
\BOOKMARK [3][-]{subsubsection.4.1.3.2}{ef\137type}{subsection.4.1.3}
\BOOKMARK [2][-]{subsection.4.1.4}{Function Documentation}{section.4.1}
\BOOKMARK [3][-]{subsubsection.4.1.4.1}{FSAccessBinary}{subsection.4.1.4}
\BOOKMARK [3][-]{subsubsection.4.1.4.2}{FSAccessRecord}{subsection.4.1.4}
\BOOKMARK [3][-]{subsubsection.4.1.4.3}{FSCreateFile}{subsection.4.1.4}
\BOOKMARK [3][-]{subsubsection.4.1.4.4}{FSDeleteFile}{subsection.4.1.4}
\BOOKMARK [3][-]{subsubsection.4.1.4.5}{FSGetHeader}{subsection.4.1.4}
\BOOKMARK [3][-]{subsubsection.4.1.4.6}{FSInitialize}{subsection.4.1.4}
\BOOKMARK [3][-]{subsubsection.4.1.4.7}{FSSelectFID}{subsection.4.1.4}
\BOOKMARK [3][-]{subsubsection.4.1.4.8}{FSSelectMF}{subsection.4.1.4}
\BOOKMARK [3][-]{subsubsection.4.1.4.9}{FSSelectName}{subsection.4.1.4}
\BOOKMARK [3][-]{subsubsection.4.1.4.10}{FSSelectPath}{subsection.4.1.4}
\BOOKMARK [3][-]{subsubsection.4.1.4.11}{FSSelectSFID}{subsection.4.1.4}
\BOOKMARK [1][-]{section.4.2}{File System Structure}{chapter.4}
\BOOKMARK [2][-]{subsection.4.2.1}{Detailed Description}{section.4.2}
\BOOKMARK [2][-]{subsection.4.2.2}{Macro Definition Documentation}{section.4.2}
\BOOKMARK [3][-]{subsubsection.4.2.2.1}{FS\137ALLOC\137TABLE\137SIZE}{subsection.4.2.2}
\BOOKMARK [3][-]{subsubsection.4.2.2.2}{FS\137FILE\137BODY\137SIZE}{subsection.4.2.2}
\BOOKMARK [3][-]{subsubsection.4.2.2.3}{FS\137FILE\137TABLE\137SIZE}{subsection.4.2.2}
\BOOKMARK [1][-]{section.4.3}{File Header Structure}{chapter.4}
\BOOKMARK [2][-]{subsection.4.3.1}{Detailed Description}{section.4.3}
\BOOKMARK [2][-]{subsection.4.3.2}{Macro Definition Documentation}{section.4.3}
\BOOKMARK [3][-]{subsubsection.4.3.2.1}{FS\137HEADER\137BODY\137SIZE}{subsection.4.3.2}
\BOOKMARK [3][-]{subsubsection.4.3.2.2}{FS\137HEADER\137CHILD\137SIZE}{subsection.4.3.2}
\BOOKMARK [3][-]{subsubsection.4.3.2.3}{FS\137HEADER\137FID\137SIZE}{subsection.4.3.2}
\BOOKMARK [3][-]{subsubsection.4.3.2.4}{FS\137HEADER\137PARENT\137SIZE}{subsection.4.3.2}
\BOOKMARK [3][-]{subsubsection.4.3.2.5}{FS\137HEADER\137SIBLING\137SIZE}{subsection.4.3.2}
\BOOKMARK [3][-]{subsubsection.4.3.2.6}{FS\137HEADER\137SIZE}{subsection.4.3.2}
\BOOKMARK [3][-]{subsubsection.4.3.2.7}{FS\137HEADER\137TAG\137SIZE}{subsection.4.3.2}
\BOOKMARK [0][-]{chapter.5}{Data Structure Documentation}{}
\BOOKMARK [1][-]{section.5.1}{DF\137st Struct Reference}{chapter.5}
\BOOKMARK [2][-]{subsection.5.1.1}{Detailed Description}{section.5.1}
\BOOKMARK [1][-]{section.5.2}{EF\137st Struct Reference}{chapter.5}
\BOOKMARK [2][-]{subsection.5.2.1}{Detailed Description}{section.5.2}
\BOOKMARK [1][-]{section.5.3}{state\137struct Struct Reference}{chapter.5}
\BOOKMARK [2][-]{subsection.5.3.1}{Detailed Description}{section.5.3}
\BOOKMARK [1][-]{section.5.4}{t\137config\137struct Struct Reference}{chapter.5}
\BOOKMARK [2][-]{subsection.5.4.1}{Detailed Description}{section.5.4}
\BOOKMARK [0][-]{chapter.6}{File Documentation}{}
\BOOKMARK [1][-]{section.6.1}{include/command.h File Reference}{chapter.6}
\BOOKMARK [2][-]{subsection.6.1.1}{Detailed Description}{section.6.1}
\BOOKMARK [2][-]{subsection.6.1.2}{Function Documentation}{section.6.1}
\BOOKMARK [3][-]{subsubsection.6.1.2.1}{Command\137AppendRecord}{subsection.6.1.2}
\BOOKMARK [3][-]{subsubsection.6.1.2.2}{Command\137CreateFile}{subsection.6.1.2}
\BOOKMARK [3][-]{subsubsection.6.1.2.3}{Command\137Delete}{subsection.6.1.2}
\BOOKMARK [3][-]{subsubsection.6.1.2.4}{Command\137DeleteFile}{subsection.6.1.2}
\BOOKMARK [3][-]{subsubsection.6.1.2.5}{Command\137ExternalAuth}{subsection.6.1.2}
\BOOKMARK [3][-]{subsubsection.6.1.2.6}{Command\137GetChallenge}{subsection.6.1.2}
\BOOKMARK [3][-]{subsubsection.6.1.2.7}{Command\137GetResponse}{subsection.6.1.2}
\BOOKMARK [3][-]{subsubsection.6.1.2.8}{Command\137Install}{subsection.6.1.2}
\BOOKMARK [3][-]{subsubsection.6.1.2.9}{Command\137InternalAuth}{subsection.6.1.2}
\BOOKMARK [3][-]{subsubsection.6.1.2.10}{Command\137Interpreter}{subsection.6.1.2}
\BOOKMARK [3][-]{subsubsection.6.1.2.11}{Command\137Load}{subsection.6.1.2}
\BOOKMARK [3][-]{subsubsection.6.1.2.12}{Command\137ReadBinary}{subsection.6.1.2}
\BOOKMARK [3][-]{subsubsection.6.1.2.13}{Command\137ReadRecord}{subsection.6.1.2}
\BOOKMARK [3][-]{subsubsection.6.1.2.14}{Command\137Select}{subsection.6.1.2}
\BOOKMARK [3][-]{subsubsection.6.1.2.15}{Command\137UpdateBinary}{subsection.6.1.2}
\BOOKMARK [3][-]{subsubsection.6.1.2.16}{Command\137UpdateRecord}{subsection.6.1.2}
\BOOKMARK [3][-]{subsubsection.6.1.2.17}{Command\137Verify}{subsection.6.1.2}
\BOOKMARK [1][-]{section.6.2}{include/config.h File Reference}{chapter.6}
\BOOKMARK [2][-]{subsection.6.2.1}{Detailed Description}{section.6.2}
\BOOKMARK [1][-]{section.6.3}{include/fs.h File Reference}{chapter.6}
\BOOKMARK [2][-]{subsection.6.3.1}{Detailed Description}{section.6.3}
\BOOKMARK [1][-]{section.6.4}{include/hal.h File Reference}{chapter.6}
\BOOKMARK [2][-]{subsection.6.4.1}{Detailed Description}{section.6.4}
\BOOKMARK [2][-]{subsection.6.4.2}{Function Documentation}{section.6.4}
\BOOKMARK [3][-]{subsubsection.6.4.2.1}{HAL\137Init}{subsection.6.4.2}
\BOOKMARK [3][-]{subsubsection.6.4.2.2}{HAL\137IO\137RxByte}{subsection.6.4.2}
\BOOKMARK [3][-]{subsubsection.6.4.2.3}{HAL\137IO\137TxByte}{subsection.6.4.2}
\BOOKMARK [3][-]{subsubsection.6.4.2.4}{HAL\137Mem\137ReadBlock}{subsection.6.4.2}
\BOOKMARK [3][-]{subsubsection.6.4.2.5}{HAL\137Mem\137ReadByte}{subsection.6.4.2}
\BOOKMARK [3][-]{subsubsection.6.4.2.6}{HAL\137Mem\137WriteBlock}{subsection.6.4.2}
\BOOKMARK [3][-]{subsubsection.6.4.2.7}{HAL\137Mem\137WriteByte}{subsection.6.4.2}
\BOOKMARK [3][-]{subsubsection.6.4.2.8}{HAL\137RND\137GetBlock}{subsection.6.4.2}
\BOOKMARK [1][-]{section.6.5}{include/response.h File Reference}{chapter.6}
\BOOKMARK [2][-]{subsection.6.5.1}{Detailed Description}{section.6.5}
\BOOKMARK [2][-]{subsection.6.5.2}{Function Documentation}{section.6.5}
\BOOKMARK [3][-]{subsubsection.6.5.2.1}{Response\137SetSW}{subsection.6.5.2}
\BOOKMARK [1][-]{section.6.6}{include/state.h File Reference}{chapter.6}
\BOOKMARK [2][-]{subsection.6.6.1}{Detailed Description}{section.6.6}
\BOOKMARK [2][-]{subsection.6.6.2}{Function Documentation}{section.6.6}
\BOOKMARK [3][-]{subsubsection.6.6.2.1}{State\137ChangeState}{subsection.6.6.2}
\BOOKMARK [3][-]{subsubsection.6.6.2.2}{State\137GetCurrent}{subsection.6.6.2}
\BOOKMARK [3][-]{subsubsection.6.6.2.3}{State\137GetCurrentChallenge}{subsection.6.6.2}
\BOOKMARK [3][-]{subsubsection.6.6.2.4}{State\137GetCurrentSecurity}{subsection.6.6.2}
\BOOKMARK [3][-]{subsubsection.6.6.2.5}{State\137Init}{subsection.6.6.2}
\BOOKMARK [3][-]{subsubsection.6.6.2.6}{State\137SetCurrent}{subsection.6.6.2}
\BOOKMARK [3][-]{subsubsection.6.6.2.7}{State\137SetCurrentKey}{subsection.6.6.2}
\BOOKMARK [3][-]{subsubsection.6.6.2.8}{State\137Verify}{subsection.6.6.2}
\BOOKMARK [3][-]{subsubsection.6.6.2.9}{State\137VerifyAuth}{subsection.6.6.2}
\BOOKMARK [1][-]{section.6.7}{include/tea.h File Reference}{chapter.6}
\BOOKMARK [2][-]{subsection.6.7.1}{Detailed Description}{section.6.7}
\BOOKMARK [2][-]{subsection.6.7.2}{Macro Definition Documentation}{section.6.7}
\BOOKMARK [3][-]{subsubsection.6.7.2.1}{max}{subsection.6.7.2}
\BOOKMARK [3][-]{subsubsection.6.7.2.2}{min}{subsection.6.7.2}
\BOOKMARK [2][-]{subsection.6.7.3}{Function Documentation}{section.6.7}
\BOOKMARK [3][-]{subsubsection.6.7.3.1}{hton\137ul}{subsection.6.7.3}
\BOOKMARK [3][-]{subsubsection.6.7.3.2}{hton\137us}{subsection.6.7.3}
\BOOKMARK [3][-]{subsubsection.6.7.3.3}{tea\137dec}{subsection.6.7.3}
\BOOKMARK [3][-]{subsubsection.6.7.3.4}{tea\137enc}{subsection.6.7.3}
\BOOKMARK [1][-]{section.6.8}{include/transmission.h File Reference}{chapter.6}
\BOOKMARK [2][-]{subsection.6.8.1}{Detailed Description}{section.6.8}
\BOOKMARK [2][-]{subsection.6.8.2}{Enumeration Type Documentation}{section.6.8}
\BOOKMARK [3][-]{subsubsection.6.8.2.1}{t\137baudrate}{subsection.6.8.2}
\BOOKMARK [3][-]{subsubsection.6.8.2.2}{t\137proto}{subsection.6.8.2}
\BOOKMARK [2][-]{subsection.6.8.3}{Function Documentation}{section.6.8}
\BOOKMARK [3][-]{subsubsection.6.8.3.1}{Transmission\137GetData}{subsection.6.8.3}
\BOOKMARK [3][-]{subsubsection.6.8.3.2}{Transmission\137GetHeader}{subsection.6.8.3}
\BOOKMARK [3][-]{subsubsection.6.8.3.3}{Transmission\137Init}{subsection.6.8.3}
\BOOKMARK [3][-]{subsubsection.6.8.3.4}{Transmission\137SendACK}{subsection.6.8.3}
\BOOKMARK [3][-]{subsubsection.6.8.3.5}{Transmission\137SendData}{subsection.6.8.3}
\BOOKMARK [3][-]{subsubsection.6.8.3.6}{Transmission\137SendNACK}{subsection.6.8.3}
\BOOKMARK [3][-]{subsubsection.6.8.3.7}{Transmission\137SendSW}{subsection.6.8.3}
\BOOKMARK [1][-]{section.6.9}{src/fs.c File Reference}{chapter.6}
\BOOKMARK [2][-]{subsection.6.9.1}{Detailed Description}{section.6.9}
\BOOKMARK [2][-]{subsection.6.9.2}{Macro Definition Documentation}{section.6.9}
\BOOKMARK [3][-]{subsubsection.6.9.2.1}{FS\137BODY\137HEADER\137SIZE}{subsection.6.9.2}
\BOOKMARK [1][-]{section.6.10}{src/newdes-sk.h File Reference}{chapter.6}
\BOOKMARK [2][-]{subsection.6.10.1}{Detailed Description}{section.6.10}
\BOOKMARK [2][-]{subsection.6.10.2}{Function Documentation}{section.6.10}
\BOOKMARK [3][-]{subsubsection.6.10.2.1}{newdessk\137dec}{subsection.6.10.2}
\BOOKMARK [3][-]{subsubsection.6.10.2.2}{newdessk\137enc}{subsection.6.10.2}
\BOOKMARK [1][-]{section.6.11}{src/tea.c File Reference}{chapter.6}
\BOOKMARK [2][-]{subsection.6.11.1}{Detailed Description}{section.6.11}
\BOOKMARK [2][-]{subsection.6.11.2}{Function Documentation}{section.6.11}
\BOOKMARK [3][-]{subsubsection.6.11.2.1}{tea\137dec}{subsection.6.11.2}
\BOOKMARK [3][-]{subsubsection.6.11.2.2}{tea\137enc}{subsection.6.11.2}
\BOOKMARK [-1][-]{section*.40}{Index}{}
